/home/cj1223/work/GraphMerge/slurm/../data/data_SAM.py:234: DtypeWarning: Columns (0,1,2,3,4,5,6,7,8,10,11,12,13,14,15,16,17,18,19,20,21,22,23,24) have mixed types.Specify dtype option on import or set low_memory=False.
  dat=create_graphs(tcols=all_cols, maxs=maxs, lim=10, save=1, case=case)
Loading isotree 0_0_0
isotree 0_0_0 loaded, restructuring
Splitting to tree and scaling
Split done
Loading targets
Making merger tree

  0%|          | 0/769 [00:00<?, ?it/s]
  1%|          | 7/769 [00:00<00:10, 69.62it/s]
  1%|          | 7/769 [00:20<00:10, 69.62it/s]
  1%|          | 9/769 [00:27<50:40,  4.00s/it]
  2%|▏         | 14/769 [00:28<26:26,  2.10s/it]
  2%|▏         | 18/769 [00:31<19:19,  1.54s/it]
  3%|▎         | 25/769 [00:33<11:59,  1.03it/s]
  4%|▍         | 29/769 [00:33<08:40,  1.42it/s]
  4%|▍         | 32/769 [00:34<07:16,  1.69it/s]
  5%|▍         | 36/769 [00:35<05:42,  2.14it/s]
  5%|▍         | 38/769 [00:35<04:54,  2.48it/s]
  5%|▌         | 40/769 [00:35<04:03,  2.99it/s]
  6%|▌         | 43/769 [00:35<03:05,  3.91it/s]
  6%|▌         | 47/769 [00:36<02:16,  5.28it/s]
  6%|▋         | 49/769 [00:36<02:00,  5.99it/s]
  7%|▋         | 52/769 [00:36<01:40,  7.17it/s]
  7%|▋         | 54/769 [00:36<01:46,  6.71it/s]
  8%|▊         | 58/769 [00:36<01:13,  9.70it/s]
  8%|▊         | 60/769 [00:37<01:06, 10.61it/s]
  8%|▊         | 63/769 [00:37<00:58, 12.17it/s]
  8%|▊         | 65/769 [00:37<00:54, 12.94it/s]
  9%|▊         | 67/769 [00:37<00:51, 13.55it/s]
  9%|▉         | 70/769 [00:37<00:43, 16.22it/s]
  9%|▉         | 73/769 [00:37<00:36, 19.08it/s]
 10%|▉         | 76/769 [00:37<00:32, 21.59it/s]
 11%|█         | 82/769 [00:37<00:22, 30.58it/s]
 11%|█▏        | 87/769 [00:38<00:19, 34.78it/s]
 12%|█▏        | 94/769 [00:38<00:15, 43.37it/s]
 13%|█▎        | 100/769 [00:38<00:14, 47.71it/s]
 14%|█▍        | 107/769 [00:38<00:12, 52.02it/s]
 15%|█▌        | 117/769 [00:38<00:10, 63.19it/s]
 16%|█▋        | 126/769 [00:38<00:09, 69.66it/s]
 18%|█▊        | 138/769 [00:38<00:07, 80.66it/s]
 20%|█▉        | 150/769 [00:38<00:06, 89.70it/s]
 21%|██        | 163/769 [00:38<00:06, 100.71it/s]
 24%|██▎       | 181/769 [00:39<00:04, 121.75it/s]
 26%|██▌       | 199/769 [00:39<00:04, 138.31it/s]
 29%|██▊       | 220/769 [00:39<00:03, 158.92it/s]
 31%|███▏      | 241/769 [00:39<00:03, 172.40it/s]
 34%|███▍      | 263/769 [00:39<00:02, 184.99it/s]
 37%|███▋      | 288/769 [00:39<00:02, 200.11it/s]
 41%|████      | 317/769 [00:39<00:02, 225.57it/s]
 45%|████▌     | 347/769 [00:39<00:01, 246.61it/s]
 50%|████▉     | 383/769 [00:39<00:01, 278.92it/s]
 54%|█████▍    | 416/769 [00:40<00:01, 188.21it/s]
 57%|█████▋    | 439/769 [00:43<00:14, 23.15it/s] 
 59%|█████▉    | 456/769 [00:44<00:13, 23.07it/s]
 61%|██████    | 469/769 [00:44<00:12, 24.96it/s]
 62%|██████▏   | 479/769 [00:45<00:10, 26.67it/s]
 63%|██████▎   | 487/769 [00:45<00:09, 29.08it/s]
 64%|██████▍   | 495/769 [00:45<00:08, 31.24it/s]
 65%|██████▌   | 503/769 [00:45<00:07, 35.63it/s]
 67%|██████▋   | 512/769 [00:45<00:06, 41.79it/s]
 68%|██████▊   | 521/769 [00:45<00:05, 48.31it/s]
 69%|██████▉   | 529/769 [00:45<00:04, 52.87it/s]
 70%|███████   | 542/769 [00:45<00:03, 66.98it/s]
 72%|███████▏  | 557/769 [00:46<00:02, 84.72it/s]
 74%|███████▍  | 571/769 [00:46<00:02, 96.27it/s]
 76%|███████▋  | 587/769 [00:46<00:01, 110.72it/s]
 79%|███████▉  | 606/769 [00:46<00:01, 129.91it/s]
 81%|████████▏ | 626/769 [00:46<00:00, 148.35it/s]
 84%|████████▍ | 649/769 [00:46<00:00, 170.28it/s]
 88%|████████▊ | 676/769 [00:46<00:00, 197.53it/s]
 91%|█████████▏| 703/769 [00:46<00:00, 217.07it/s]
 96%|█████████▌| 737/769 [00:46<00:00, 250.70it/s]
100%|██████████| 769/769 [00:46<00:00, 16.38it/s] 

  0%|          | 0/769 [00:00<?, ?it/s]
100%|██████████| 769/769 [00:00<00:00, 13847.88it/s]
/home/cj1223/work/GraphMerge/slurm/../data/data_SAM.py:234: DtypeWarning: Columns (0,1,2,3,4,5,6,7,8,10,11,12,13,14,15,16,17,18,19,20,21,22,23,24) have mixed types.Specify dtype option on import or set low_memory=False.
  dat=create_graphs(tcols=all_cols, maxs=maxs, lim=10, save=1, case=case)
Done with tree. 
 Time elapsed 133.8300609588623 s
Loading isotree 0_0_1
isotree 0_0_1 loaded, restructuring
Splitting to tree and scaling
Split done
Loading targets
Making merger tree

  0%|          | 0/1338 [00:00<?, ?it/s]
  0%|          | 4/1338 [00:04<22:30,  1.01s/it]
  1%|          | 11/1338 [00:26<56:44,  2.57s/it]
  1%|▏         | 17/1338 [00:26<30:41,  1.39s/it]
  2%|▏         | 23/1338 [00:31<25:28,  1.16s/it]
  2%|▏         | 24/1338 [00:32<24:04,  1.10s/it]
  2%|▏         | 26/1338 [00:32<21:08,  1.03it/s]
  2%|▏         | 27/1338 [00:33<19:44,  1.11it/s]
  2%|▏         | 32/1338 [00:34<12:04,  1.80it/s]
  3%|▎         | 34/1338 [00:34<09:45,  2.23it/s]
  3%|▎         | 37/1338 [00:34<07:49,  2.77it/s]
  3%|▎         | 38/1338 [00:35<07:43,  2.81it/s]
  3%|▎         | 40/1338 [00:35<06:42,  3.22it/s]
  3%|▎         | 43/1338 [00:35<05:15,  4.11it/s]
  3%|▎         | 45/1338 [00:36<04:31,  4.76it/s]
  4%|▎         | 47/1338 [00:36<03:55,  5.49it/s]
  4%|▎         | 49/1338 [00:36<03:23,  6.35it/s]
  4%|▎         | 50/1338 [00:36<03:11,  6.72it/s]
  4%|▍         | 51/1338 [00:36<02:59,  7.17it/s]
  4%|▍         | 54/1338 [00:36<02:05, 10.21it/s]
  4%|▍         | 56/1338 [00:36<01:59, 10.75it/s]
  4%|▍         | 58/1338 [00:37<02:40,  7.98it/s]
  5%|▍         | 61/1338 [00:37<01:57, 10.90it/s]
  5%|▍         | 63/1338 [00:38<02:51,  7.43it/s]
  5%|▌         | 67/1338 [00:38<01:54, 11.07it/s]
  5%|▌         | 69/1338 [00:38<01:45, 12.06it/s]
  5%|▌         | 73/1338 [00:38<01:20, 15.62it/s]
  6%|▌         | 76/1338 [00:38<01:10, 18.01it/s]
  6%|▌         | 79/1338 [00:38<01:06, 18.93it/s]
  6%|▋         | 85/1338 [00:38<00:45, 27.56it/s]
  7%|▋         | 90/1338 [00:38<00:40, 30.59it/s]
  7%|▋         | 97/1338 [00:39<00:33, 37.36it/s]
  8%|▊         | 104/1338 [00:39<00:27, 44.29it/s]
  8%|▊         | 109/1338 [00:39<00:27, 43.99it/s]
  9%|▊         | 114/1338 [00:39<00:28, 43.60it/s]
  9%|▉         | 122/1338 [00:39<00:23, 51.23it/s]
 10%|▉         | 128/1338 [00:39<00:41, 29.27it/s]
 10%|█         | 135/1338 [00:39<00:33, 35.98it/s]
 11%|█         | 146/1338 [00:40<00:23, 50.18it/s]
 12%|█▏        | 155/1338 [00:40<00:20, 58.49it/s]
 12%|█▏        | 164/1338 [00:40<00:18, 65.21it/s]
 13%|█▎        | 172/1338 [00:40<00:34, 33.77it/s]
 14%|█▍        | 185/1338 [00:40<00:24, 47.98it/s]
 15%|█▌        | 201/1338 [00:41<00:16, 67.51it/s]
 16%|█▋        | 219/1338 [00:41<00:12, 89.78it/s]
 18%|█▊        | 237/1338 [00:41<00:10, 109.20it/s]
 19%|█▉        | 259/1338 [00:41<00:08, 134.69it/s]
 21%|██▏       | 285/1338 [00:41<00:06, 165.71it/s]
 23%|██▎       | 314/1338 [00:41<00:05, 197.31it/s]
 26%|██▌       | 344/1338 [00:41<00:04, 224.84it/s]
 28%|██▊       | 369/1338 [00:42<00:08, 116.03it/s]
 30%|███       | 404/1338 [00:42<00:06, 154.00it/s]
 30%|███       | 404/1338 [00:58<00:06, 154.00it/s]
 31%|███       | 412/1338 [01:08<05:45,  2.68it/s] 
 31%|███▏      | 420/1338 [01:21<08:06,  1.89it/s]
 32%|███▏      | 429/1338 [01:21<06:38,  2.28it/s]
 33%|███▎      | 448/1338 [01:29<06:27,  2.30it/s]
 34%|███▍      | 461/1338 [01:32<05:31,  2.64it/s]
 35%|███▌      | 471/1338 [01:33<04:41,  3.07it/s]
 36%|███▌      | 478/1338 [01:34<04:05,  3.51it/s]
 36%|███▌      | 483/1338 [01:34<03:32,  4.02it/s]
 36%|███▋      | 488/1338 [01:34<02:59,  4.73it/s]
 37%|███▋      | 493/1338 [01:34<02:25,  5.79it/s]
 37%|███▋      | 497/1338 [01:35<02:02,  6.86it/s]
 38%|███▊      | 502/1338 [01:35<01:35,  8.78it/s]
 38%|███▊      | 507/1338 [01:35<01:17, 10.74it/s]
 38%|███▊      | 511/1338 [01:35<01:06, 12.36it/s]
 38%|███▊      | 515/1338 [01:35<00:59, 13.74it/s]
 39%|███▉      | 522/1338 [01:35<00:41, 19.82it/s]
 39%|███▉      | 527/1338 [01:36<00:38, 21.25it/s]
 40%|███▉      | 531/1338 [01:36<00:38, 21.19it/s]
 40%|████      | 536/1338 [01:36<00:32, 24.97it/s]
 40%|████      | 540/1338 [01:36<00:29, 26.80it/s]
 41%|████      | 546/1338 [01:36<00:25, 31.63it/s]
 41%|████      | 551/1338 [01:36<00:22, 34.81it/s]
 42%|████▏     | 556/1338 [01:36<00:21, 36.92it/s]
 42%|████▏     | 564/1338 [01:36<00:16, 45.68it/s]
 43%|████▎     | 570/1338 [01:37<00:15, 48.67it/s]
 43%|████▎     | 576/1338 [01:37<00:14, 51.07it/s]
 44%|████▎     | 584/1338 [01:37<00:13, 57.47it/s]
 44%|████▍     | 592/1338 [01:37<00:12, 61.22it/s]
 45%|████▍     | 601/1338 [01:37<00:10, 68.10it/s]
 46%|████▌     | 613/1338 [01:37<00:08, 82.26it/s]
 47%|████▋     | 627/1338 [01:37<00:07, 98.11it/s]
 48%|████▊     | 640/1338 [01:37<00:06, 104.49it/s]
 49%|████▉     | 656/1338 [01:37<00:05, 120.13it/s]
 51%|█████     | 676/1338 [01:37<00:04, 140.92it/s]
 52%|█████▏    | 692/1338 [01:38<00:04, 144.05it/s]
 53%|█████▎    | 709/1338 [01:38<00:04, 150.95it/s]
 54%|█████▍    | 725/1338 [01:38<00:04, 152.55it/s]
 56%|█████▌    | 743/1338 [01:38<00:03, 159.47it/s]
 57%|█████▋    | 763/1338 [01:38<00:03, 170.34it/s]
 59%|█████▊    | 784/1338 [01:38<00:03, 180.19it/s]
 60%|██████    | 809/1338 [01:38<00:02, 198.11it/s]
 62%|██████▏   | 835/1338 [01:38<00:02, 215.54it/s]
 64%|██████▍   | 861/1338 [01:38<00:02, 228.60it/s]
 67%|██████▋   | 891/1338 [01:39<00:01, 248.14it/s]
 69%|██████▉   | 921/1338 [01:39<00:01, 261.56it/s]
 71%|███████   | 951/1338 [01:39<00:01, 272.26it/s]
 74%|███████▍  | 990/1338 [01:39<00:01, 305.69it/s]
 77%|███████▋  | 1029/1338 [01:39<00:00, 326.45it/s]
 77%|███████▋  | 1029/1338 [01:58<00:00, 326.45it/s]
 78%|███████▊  | 1048/1338 [02:01<01:07,  4.27it/s] 
 79%|███████▊  | 1052/1338 [02:02<01:04,  4.47it/s]
 79%|███████▊  | 1052/1338 [02:18<01:04,  4.47it/s]
 79%|███████▉  | 1059/1338 [02:41<04:05,  1.14it/s]
 80%|███████▉  | 1067/1338 [02:41<03:19,  1.36it/s]
 81%|████████  | 1086/1338 [02:46<02:23,  1.76it/s]
 82%|████████▏ | 1099/1338 [02:47<01:43,  2.31it/s]
 83%|████████▎ | 1109/1338 [02:47<01:18,  2.92it/s]
 83%|████████▎ | 1117/1338 [02:47<01:01,  3.61it/s]
 84%|████████▍ | 1125/1338 [02:47<00:46,  4.58it/s]
 85%|████████▍ | 1133/1338 [02:47<00:34,  5.93it/s]
 85%|████████▌ | 1141/1338 [02:47<00:25,  7.75it/s]
 86%|████████▌ | 1151/1338 [02:48<00:17, 10.90it/s]
 87%|████████▋ | 1162/1338 [02:48<00:11, 15.52it/s]
 88%|████████▊ | 1177/1338 [02:48<00:06, 23.87it/s]
 89%|████████▉ | 1195/1338 [02:48<00:03, 36.56it/s]
 91%|█████████ | 1217/1338 [02:48<00:02, 55.70it/s]
 93%|█████████▎| 1243/1338 [02:48<00:01, 82.04it/s]
 95%|█████████▌| 1273/1338 [02:48<00:00, 115.58it/s]
 98%|█████████▊| 1306/1338 [02:48<00:00, 153.93it/s]
100%|██████████| 1338/1338 [02:48<00:00,  7.92it/s] 

  0%|          | 0/1338 [00:00<?, ?it/s]
 88%|████████▊ | 1171/1338 [00:00<00:00, 11708.22it/s]
100%|██████████| 1338/1338 [00:00<00:00, 12705.44it/s]
slurmstepd: error: *** JOB 7535571 ON tiger-i26c2n9 CANCELLED AT 2021-11-02T17:02:35 ***
